#
# There is insufficient memory for the Java Runtime Environment to continue.
# Native memory allocation (malloc) failed to allocate 1048576 bytes for AllocateHeap
# Possible reasons:
#   The system is out of physical RAM or swap space
#   The process is running with CompressedOops enabled, and the Java Heap may be blocking the growth of the native heap
# Possible solutions:
#   Reduce memory load on the system
#   Increase physical memory or swap space
#   Check if swap backing store is full
#   Decrease Java heap size (-Xmx/-Xms)
#   Decrease number of Java threads
#   Decrease Java thread stack sizes (-Xss)
#   Set larger code cache with -XX:ReservedCodeCacheSize=
# This output file may be truncated or incomplete.
#
#  Out of Memory Error (./src/hotspot/share/memory/allocation.cpp:46), pid=9876, tid=28196
#
# JRE version:  (11.0.14.1+1) (build )
# Java VM: OpenJDK 64-Bit Server VM (11.0.14.1+1, mixed mode, sharing, tiered, compressed oops, g1 gc, windows-amd64)
# No core dump will be written. Minidumps are not enabled by default on client versions of Windows
#

---------------  S U M M A R Y ------------

Command Line: org.gradle.launcher.GradleMain -Dorg.gradle.jvmargs=-Xmx4096m --stop

Host: 11th Gen Intel(R) Core(TM) i5-1145G7 @ 2.60GHz, 8 cores, 15G,  Windows 11 , 64 bit Build 26100 (10.0.26100.7920)
Time: Wed Apr  1 15:20:48 2026 GMT Summer Time elapsed time: 0.013612 seconds (0d 0h 0m 0s)

---------------  T H R E A D  ---------------

Current thread (0x000002b31c11e000):  JavaThread "Unknown thread" [_thread_in_vm, id=28196, stack(0x000000f0d3b00000,0x000000f0d3c00000)]

Stack: [0x000000f0d3b00000,0x000000f0d3c00000]
Native frames: (J=compiled Java code, j=interpreted, Vv=VM code, C=native code)
V  [jvm.dll+0x61e59a]
V  [jvm.dll+0x7aaca9]
V  [jvm.dll+0x7ac398]
V  [jvm.dll+0x7aca73]
V  [jvm.dll+0x24f9b8]
V  [jvm.dll+0xb95d4]
V  [jvm.dll+0x2eba44]
V  [jvm.dll+0x2e5849]
V  [jvm.dll+0x784b07]
V  [jvm.dll+0x78628f]
V  [jvm.dll+0x35f479]
V  [jvm.dll+0x767aa0]
V  [jvm.dll+0x3ccf1f]
V  [jvm.dll+0x3cf2b1]
C  [jli.dll+0x5207]
C  [ucrtbase.dll+0x37b0]
C  [KERNEL32.DLL+0x2e8d7]
C  [ntdll.dll+0x8c48c]


---------------  P R O C E S S  ---------------

Threads class SMR info:
_java_thread_list=0x000002b319e2bd40, length=0, elements={
}

Java Threads: ( => current thread )

Other Threads:
  0x000002b31c136000 GCTaskThread "GC Thread#0" [stack: 0x000000f0d3c00000,0x000000f0d3d00000] [id=792]

[error occurred during error reporting (printing all threads), id 0xc0000005, EXCEPTION_ACCESS_VIOLATION (0xc0000005) at pc=0x00007ff95f5e1030]

VM state:not at safepoint (not fully initialized)

VM Mutex/Monitor currently owned by a thread:  ([mutex/lock_event])
[0x000002b31c11d450] Heap_lock - owner thread: 0x000002b31c11e000

Heap address: 0x0000000704e00000, size: 4018 MB, Compressed Oops mode: Non-zero based: 0x0000000704e00000
Narrow klass base: 0x0000000000000000, Narrow klass shift: 0

GC Heap History (0 events):
No events

Deoptimization events (0 events):
No events

Classes redefined (0 events):
No events

Internal exceptions (0 events):
No events

Events (1 events):
Event: 0.009 Loaded shared library C:\Program Files\Unity\Hub\Editor\2022.3.62f3\Editor\Data\PlaybackEngines\AndroidPlayer\OpenJDK\bin\zip.dll


Dynamic libraries:
0x00007ff77d4b0000 - 0x00007ff77d4bd000 	C:\Program Files\Unity\Hub\Editor\2022.3.62f3\Editor\Data\PlaybackEngines\AndroidPlayer\OpenJDK\bin\java.exe
0x00007ffa8d020000 - 0x00007ffa8d287000 	C:\WINDOWS\SYSTEM32\ntdll.dll
0x00007ffa8caf0000 - 0x00007ffa8cbb9000 	C:\WINDOWS\System32\KERNEL32.DLL
0x00007ffa89e90000 - 0x00007ffa8a281000 	C:\WINDOWS\System32\KERNELBASE.dll
0x00007ffa89c90000 - 0x00007ffa89ddb000 	C:\WINDOWS\System32\ucrtbase.dll
0x00007ff9d2a50000 - 0x00007ff9d2a67000 	C:\Program Files\Unity\Hub\Editor\2022.3.62f3\Editor\Data\PlaybackEngines\AndroidPlayer\OpenJDK\bin\jli.dll
0x00007ff9964a0000 - 0x00007ff9964b5000 	C:\Program Files\Unity\Hub\Editor\2022.3.62f3\Editor\Data\PlaybackEngines\AndroidPlayer\OpenJDK\bin\VCRUNTIME140.dll
0x00007ffa8c0d0000 - 0x00007ffa8c295000 	C:\WINDOWS\System32\USER32.dll
0x00007ffa64950000 - 0x00007ffa64be3000 	C:\WINDOWS\WinSxS\amd64_microsoft.windows.common-controls_6595b64144ccf1df_6.0.26100.8037_none_3e092faae333b53b\COMCTL32.dll
0x00007ffa89a70000 - 0x00007ffa89a97000 	C:\WINDOWS\System32\win32u.dll
0x00007ffa8b960000 - 0x00007ffa8ba09000 	C:\WINDOWS\System32\msvcrt.dll
0x00007ffa8cdc0000 - 0x00007ffa8cdeb000 	C:\WINDOWS\System32\GDI32.dll
0x00007ffa89aa0000 - 0x00007ffa89bcb000 	C:\WINDOWS\System32\gdi32full.dll
0x00007ffa89de0000 - 0x00007ffa89e83000 	C:\WINDOWS\System32\msvcp_win.dll
0x00007ffa8b790000 - 0x00007ffa8b7c1000 	C:\WINDOWS\System32\IMM32.DLL
0x00007ff987f10000 - 0x00007ff987fab000 	C:\Program Files\Unity\Hub\Editor\2022.3.62f3\Editor\Data\PlaybackEngines\AndroidPlayer\OpenJDK\bin\msvcp140.dll
0x00007ff95f2f0000 - 0x00007ff95fe71000 	C:\Program Files\Unity\Hub\Editor\2022.3.62f3\Editor\Data\PlaybackEngines\AndroidPlayer\OpenJDK\bin\server\jvm.dll
0x00007ffa8b650000 - 0x00007ffa8b70b000 	C:\WINDOWS\System32\ADVAPI32.dll
0x00007ffa8b7d0000 - 0x00007ffa8b877000 	C:\WINDOWS\System32\sechost.dll
0x00007ffa8b350000 - 0x00007ffa8b468000 	C:\WINDOWS\System32\RPCRT4.dll
0x00007ffa8ba10000 - 0x00007ffa8ba18000 	C:\WINDOWS\System32\PSAPI.DLL
0x00007ffa7f1f0000 - 0x00007ffa7f225000 	C:\WINDOWS\SYSTEM32\WINMM.dll
0x00007ffa75d40000 - 0x00007ffa75d4b000 	C:\WINDOWS\SYSTEM32\VERSION.dll
0x00007ffa32b40000 - 0x00007ffa32b4a000 	C:\WINDOWS\SYSTEM32\WSOCK32.dll
0x00007ffa8ce60000 - 0x00007ffa8ced4000 	C:\WINDOWS\System32\WS2_32.dll
0x00007ffa88690000 - 0x00007ffa886ab000 	C:\WINDOWS\SYSTEM32\kernel.appcore.dll
0x00007ffa847c0000 - 0x00007ffa847d0000 	C:\Program Files\Unity\Hub\Editor\2022.3.62f3\Editor\Data\PlaybackEngines\AndroidPlayer\OpenJDK\bin\verify.dll
0x00007ffa87a70000 - 0x00007ffa87cb2000 	C:\WINDOWS\SYSTEM32\DBGHELP.DLL
0x00007ffa8ba20000 - 0x00007ffa8bda2000 	C:\WINDOWS\System32\combase.dll
0x00007ffa8b880000 - 0x00007ffa8b957000 	C:\WINDOWS\System32\OLEAUT32.dll
0x00007ffa5e2e0000 - 0x00007ffa5e31b000 	C:\WINDOWS\SYSTEM32\dbgcore.DLL
0x00007ffa8ad10000 - 0x00007ffa8adb5000 	C:\WINDOWS\System32\bcryptPrimitives.dll
0x00007ff98e4d0000 - 0x00007ff98e4f8000 	C:\Program Files\Unity\Hub\Editor\2022.3.62f3\Editor\Data\PlaybackEngines\AndroidPlayer\OpenJDK\bin\java.dll
0x00007ffa2e460000 - 0x00007ffa2e46a000 	C:\Program Files\Unity\Hub\Editor\2022.3.62f3\Editor\Data\PlaybackEngines\AndroidPlayer\OpenJDK\bin\jimage.dll
0x00007ff996480000 - 0x00007ff996498000 	C:\Program Files\Unity\Hub\Editor\2022.3.62f3\Editor\Data\PlaybackEngines\AndroidPlayer\OpenJDK\bin\zip.dll

dbghelp: loaded successfully - version: 4.0.5 - missing functions: none
symbol engine: initialized successfully - sym options: 0x614 - pdb path: .;C:\Program Files\Unity\Hub\Editor\2022.3.62f3\Editor\Data\PlaybackEngines\AndroidPlayer\OpenJDK\bin;C:\WINDOWS\SYSTEM32;C:\WINDOWS\WinSxS\amd64_microsoft.windows.common-controls_6595b64144ccf1df_6.0.26100.8037_none_3e092faae333b53b;C:\Program Files\Unity\Hub\Editor\2022.3.62f3\Editor\Data\PlaybackEngines\AndroidPlayer\OpenJDK\bin\server

VM Arguments:
java_command: org.gradle.launcher.GradleMain -Dorg.gradle.jvmargs=-Xmx4096m --stop
java_class_path (initial): C:\Program Files\Unity\Hub\Editor\2022.3.62f3\Editor\Data\PlaybackEngines\AndroidPlayer\Tools\gradle\lib\gradle-launcher-7.5.1.jar
Launcher Type: SUN_STANDARD

[Global flags]
     intx CICompilerCount                          = 4                                         {product} {ergonomic}
     uint ConcGCThreads                            = 2                                         {product} {ergonomic}
     uint G1ConcRefinementThreads                  = 8                                         {product} {ergonomic}
   size_t G1HeapRegionSize                         = 1048576                                   {product} {ergonomic}
    uintx GCDrainStackTargetSize                   = 64                                        {product} {ergonomic}
   size_t InitialHeapSize                          = 264241152                                 {product} {ergonomic}
   size_t MarkStackSize                            = 4194304                                   {product} {ergonomic}
   size_t MaxHeapSize                              = 4213178368                                {product} {ergonomic}
   size_t MinHeapDeltaBytes                        = 1048576                                   {product} {ergonomic}
    uintx NonNMethodCodeHeapSize                   = 5836300                                {pd product} {ergonomic}
    uintx NonProfiledCodeHeapSize                  = 122910970                              {pd product} {ergonomic}
    uintx ProfiledCodeHeapSize                     = 122910970                              {pd product} {ergonomic}
    uintx ReservedCodeCacheSize                    = 251658240                              {pd product} {ergonomic}
     bool SegmentedCodeCache                       = true                                      {product} {ergonomic}
     bool UseCompressedClassPointers               = true                                 {lp64_product} {ergonomic}
     bool UseCompressedOops                        = true                                 {lp64_product} {ergonomic}
     bool UseG1GC                                  = true                                      {product} {ergonomic}
     bool UseLargePagesIndividualAllocation        = false                                  {pd product} {ergonomic}

Logging:
Log output configuration:
 #0: stdout all=warning uptime,level,tags
 #1: stderr all=off uptime,level,tags

Environment Variables:
JAVA_HOME=C:\Program Files\Unity\Hub\Editor\2022.3.62f3\Editor\Data\PlaybackEngines\AndroidPlayer\OpenJDK
PATH=C:\Program Files\Common Files\Oracle\Java\javapath;C:\WINDOWS\system32;C:\WINDOWS;C:\WINDOWS\System32\Wbem;C:\WINDOWS\System32\WindowsPowerShell\v1.0\;C:\WINDOWS\System32\OpenSSH\;C:\Program Files\Git\cmd;C:\Program Files\dotnet\;C:\Program Files (x86)\Windows Kits\10\Windows Performance Toolkit\;C:\Program Files\Microsoft SQL Server\Client SDK\ODBC\130\Tools\Binn\;C:\Program Files (x86)\Microsoft SQL Server\140\Tools\Binn\;C:\Program Files\Microsoft SQL Server\140\Tools\Binn\;C:\Program Files\Microsoft SQL Server\140\DTS\Binn\;C:\Users\cocob\AppData\Local\Programs\Python\Launcher\;C:\Users\cocob\AppData\Local\Microsoft\WindowsApps;C:\Users\cocob\AppData\Local\Programs\Microsoft VS Code\bin;C:\Users\cocob\AppData\Local\GitHubDesktop\bin;C:\apache-maven-3.9.9\bin;C:\Program Files\R\R-4.5.2\bin;C:\Users\cocob\AppData\Local\Programs\mongosh\
USERNAME=cocob
OS=Windows_NT
PROCESSOR_IDENTIFIER=Intel64 Family 6 Model 140 Stepping 1, GenuineIntel



---------------  S Y S T E M  ---------------

OS: Windows 11 , 64 bit Build 26100 (10.0.26100.7920)
OS uptime: 5 days 23:52 hours

CPU:total 8 (initial active 8) (4 cores per cpu, 2 threads per core) family 6 model 140 stepping 1 microcode 0xbe, cmov, cx8, fxsr, mmx, sse, sse2, sse3, ssse3, sse4.1, sse4.2, popcnt, avx, avx2, aes, clmul, erms, 3dnowpref, lzcnt, ht, tsc, tscinvbit, bmi1, bmi2, adx, evex, sha, fma

Memory: 4k page, system-wide physical 16064M (1732M free)
TotalPageFile size 30969M (AvailPageFile size 15M)
current process WorkingSet (physical memory assigned to process): 12M, peak: 12M
current process commit charge ("private bytes"): 60M, peak: 61M

vm_info: OpenJDK 64-Bit Server VM (11.0.14.1+1) for windows-amd64 JRE (11.0.14.1+1), built on Feb  9 2022 01:48:27 by "" with unknown MS VC++:1916

END.
